Building DAG of jobs...
Using shell: /usr/bin/bash
Provided cores: 32
Rules claiming more threads will be scaled down.
Conda environments: ignored
Job stats:
job             count    min threads    max threads
------------  -------  -------------  -------------
aggregate_MR        2              1              1
all                 1              1              1
total               3              1              1

Select jobs to execute...

[Tue Dec 13 15:28:09 2022]
rule aggregate_MR:
    input: output/MR/CD40_HF.csv, output/MR/CD40_HF2.csv, output/MR/OPG_HF.csv, output/MR/OPG_HF2.csv
    output: output/MR_HF.csv
    jobid: 3
    reason: Updated input files: output/MR/CD40_HF.csv, output/MR/OPG_HF.csv, output/MR/OPG_HF2.csv, output/MR/CD40_HF2.csv
    wildcards: trait=HF
    resources: tmpdir=/rds/user/jhz22/hpc-work/work


[Tue Dec 13 15:28:09 2022]
rule aggregate_MR:
    input: output/MR/CD40_HF.csv, output/MR/CD40_HF2.csv, output/MR/OPG_HF.csv, output/MR/OPG_HF2.csv
    output: output/MR_HF2.csv
    jobid: 8
    reason: Updated input files: output/MR/CD40_HF.csv, output/MR/OPG_HF.csv, output/MR/OPG_HF2.csv, output/MR/CD40_HF2.csv
    wildcards: trait=HF2
    resources: tmpdir=/rds/user/jhz22/hpc-work/work

[Tue Dec 13 15:28:09 2022]
Finished job 3.
1 of 3 steps (33%) done
[Tue Dec 13 15:28:09 2022]
Finished job 8.
2 of 3 steps (67%) done
Select jobs to execute...

[Tue Dec 13 15:28:09 2022]
localrule all:
    input: output/Obs_HF.csv, output/Obs_HF2.csv, output/MR_HF.csv, output/MR_HF2.csv
    jobid: 0
    reason: Input files updated by another job: output/MR_HF.csv, output/MR_HF2.csv
    resources: tmpdir=/rds/user/jhz22/hpc-work/work

[Tue Dec 13 15:28:09 2022]
Finished job 0.
3 of 3 steps (100%) done
Complete log: .snakemake/log/2022-12-13T152804.815337.snakemake.log
