Building DAG of jobs...
Using shell: /usr/bin/bash
Provided cores: 32
Rules claiming more threads will be scaled down.
Job counts:
	count	jobs
	1	all
	2	obs_analysis
	3

[Thu Aug  4 22:30:51 2022]
rule obs_analysis:
    input: input/Obs_HF2.csv
    output: output/Obs_HF2.csv
    jobid: 2
    wildcards: trait=HF2

[Thu Aug  4 22:30:51 2022]
rule obs_analysis:
    input: input/Obs_HF.csv
    output: output/Obs_HF.csv
    jobid: 1
    wildcards: trait=HF

[Thu Aug  4 22:31:13 2022]
Finished job 1.
1 of 3 steps (33%) done
[Thu Aug  4 22:31:13 2022]
Finished job 2.
2 of 3 steps (67%) done

[Thu Aug  4 22:31:13 2022]
localrule all:
    input: output/Obs_HF.csv, output/Obs_HF2.csv, output/MR_HF.csv, output/MR_HF2.csv
    jobid: 0

[Thu Aug  4 22:31:13 2022]
Finished job 0.
3 of 3 steps (100%) done
Complete log: /home/jhz22/pQTLtools/inst/snakemake/.snakemake/log/2022-08-04T223051.293802.snakemake.log
