Building DAG of jobs...
Using shell: /usr/bin/bash
Provided cores: 1 (use --cores to define parallelism)
Rules claiming more threads will be scaled down.
Conda environments: ignored
Job stats:
job             count    min threads    max threads
------------  -------  -------------  -------------
MR_analysis         4              1              1
aggregate_MR        2              1              1
all                 1              1              1
obs_analysis        2              1              1
total               9              1              1

Select jobs to execute...

[Tue Aug  2 22:58:50 2022]
rule obs_analysis:
    input: input/Obs_HF.csv
    output: output/Obs_HF.csv
    jobid: 1
    reason: Missing output files: output/Obs_HF.csv
    wildcards: trait=HF
    resources: tmpdir=/rds/user/jhz22/hpc-work/work

[Tue Aug  2 22:58:54 2022]
Finished job 1.
1 of 9 steps (11%) done
Select jobs to execute...

[Tue Aug  2 22:58:55 2022]
rule MR_analysis:
    input: input/MR.csv, input/ld/OPG.ld, input/ld/OPG.snplist
    output: output/MR/OPG_HF.csv
    jobid: 6
    reason: Missing output files: output/MR/OPG_HF.csv
    wildcards: protein=OPG, trait=HF
    resources: tmpdir=/rds/user/jhz22/hpc-work/work

[Tue Aug  2 22:59:01 2022]
Finished job 6.
2 of 9 steps (22%) done
Select jobs to execute...

[Tue Aug  2 22:59:01 2022]
rule obs_analysis:
    input: input/Obs_HF2.csv
    output: output/Obs_HF2.csv
    jobid: 2
    reason: Missing output files: output/Obs_HF2.csv
    wildcards: trait=HF2
    resources: tmpdir=/rds/user/jhz22/hpc-work/work

[Tue Aug  2 22:59:06 2022]
Finished job 2.
3 of 9 steps (33%) done
Select jobs to execute...

[Tue Aug  2 22:59:06 2022]
rule MR_analysis:
    input: input/MR.csv, input/ld/CD40.ld, input/ld/CD40.snplist
    output: output/MR/CD40_HF.csv
    jobid: 4
    reason: Missing output files: output/MR/CD40_HF.csv
    wildcards: protein=CD40, trait=HF
    resources: tmpdir=/rds/user/jhz22/hpc-work/work

[Tue Aug  2 22:59:13 2022]
Finished job 4.
4 of 9 steps (44%) done
Select jobs to execute...

[Tue Aug  2 22:59:13 2022]
rule MR_analysis:
    input: input/MR.csv, input/ld/CD40.ld, input/ld/CD40.snplist
    output: output/MR/CD40_HF2.csv
    jobid: 5
    reason: Missing output files: output/MR/CD40_HF2.csv
    wildcards: protein=CD40, trait=HF2
    resources: tmpdir=/rds/user/jhz22/hpc-work/work

[Tue Aug  2 22:59:19 2022]
Finished job 5.
5 of 9 steps (56%) done
Select jobs to execute...

[Tue Aug  2 22:59:19 2022]
rule MR_analysis:
    input: input/MR.csv, input/ld/OPG.ld, input/ld/OPG.snplist
    output: output/MR/OPG_HF2.csv
    jobid: 7
    reason: Missing output files: output/MR/OPG_HF2.csv
    wildcards: protein=OPG, trait=HF2
    resources: tmpdir=/rds/user/jhz22/hpc-work/work

[Tue Aug  2 22:59:26 2022]
Finished job 7.
6 of 9 steps (67%) done
Select jobs to execute...

[Tue Aug  2 22:59:26 2022]
rule aggregate_MR:
    input: output/MR/CD40_HF.csv, output/MR/CD40_HF2.csv, output/MR/OPG_HF.csv, output/MR/OPG_HF2.csv
    output: output/MR_HF.csv
    jobid: 3
    reason: Missing output files: output/MR_HF.csv; Input files updated by another job: output/MR/OPG_HF.csv, output/MR/CD40_HF2.csv, output/MR/CD40_HF.csv, output/MR/OPG_HF2.csv
    wildcards: trait=HF
    resources: tmpdir=/rds/user/jhz22/hpc-work/work

RuleException in line 32 of /home/jhz22/pQTLtools/inst/snakemake/workflow/Snakefile:
IndexError: list index out of range
