Building DAG of jobs...
Using shell: /usr/bin/bash
Provided cores: 32
Rules claiming more threads will be scaled down.
Job counts:
	count	jobs
	4	MR_analysis
	2	aggregate_MR
	1	all
	2	obs_analysis
	9

[Thu Aug  4 16:24:28 2022]
rule obs_analysis:
    input: input/Obs_HF.csv
    output: output/Obs_HF.csv
    jobid: 1
    wildcards: trait=HF

[Thu Aug  4 16:24:28 2022]
rule MR_analysis:
    input: input/MR.csv, input/ld/CD40.ld, input/ld/CD40.snplist
    output: output/MR/CD40_HF.csv
    jobid: 5
    wildcards: protein=CD40, trait=HF

[Thu Aug  4 16:24:28 2022]
rule MR_analysis:
    input: input/MR.csv, input/ld/OPG.ld, input/ld/OPG.snplist
    output: output/MR/OPG_HF2.csv
    jobid: 8
    wildcards: protein=OPG, trait=HF2

[Thu Aug  4 16:24:28 2022]
rule MR_analysis:
    input: input/MR.csv, input/ld/CD40.ld, input/ld/CD40.snplist
    output: output/MR/CD40_HF2.csv
    jobid: 6
    wildcards: protein=CD40, trait=HF2

[Thu Aug  4 16:24:28 2022]
rule obs_analysis:
    input: input/Obs_HF2.csv
    output: output/Obs_HF2.csv
    jobid: 2
    wildcards: trait=HF2

[Thu Aug  4 16:24:28 2022]
rule MR_analysis:
    input: input/MR.csv, input/ld/OPG.ld, input/ld/OPG.snplist
    output: output/MR/OPG_HF.csv
    jobid: 7
    wildcards: protein=OPG, trait=HF

[Thu Aug  4 16:24:49 2022]
Finished job 2.
1 of 9 steps (11%) done
[Thu Aug  4 16:24:49 2022]
Finished job 1.
2 of 9 steps (22%) done
[Thu Aug  4 16:24:54 2022]
Finished job 7.
3 of 9 steps (33%) done
[Thu Aug  4 16:24:54 2022]
Finished job 8.
4 of 9 steps (44%) done
[Thu Aug  4 16:24:54 2022]
Finished job 5.
5 of 9 steps (56%) done
[Thu Aug  4 16:24:54 2022]
Finished job 6.
6 of 9 steps (67%) done

[Thu Aug  4 16:24:54 2022]
rule aggregate_MR:
    input: output/MR/CD40_HF.csv, output/MR/CD40_HF2.csv, output/MR/OPG_HF.csv, output/MR/OPG_HF2.csv
    output: output/MR_HF.csv
    jobid: 3
    wildcards: trait=HF


[Thu Aug  4 16:24:54 2022]
rule aggregate_MR:
    input: output/MR/CD40_HF.csv, output/MR/CD40_HF2.csv, output/MR/OPG_HF.csv, output/MR/OPG_HF2.csv
    output: output/MR_HF2.csv
    jobid: 4
    wildcards: trait=HF2

[Thu Aug  4 16:24:55 2022]
Finished job 3.
7 of 9 steps (78%) done
[Thu Aug  4 16:24:55 2022]
Finished job 4.
8 of 9 steps (89%) done

[Thu Aug  4 16:24:55 2022]
localrule all:
    input: output/Obs_HF.csv, output/Obs_HF2.csv, output/MR_HF.csv, output/MR_HF2.csv
    jobid: 0

[Thu Aug  4 16:24:55 2022]
Finished job 0.
9 of 9 steps (100%) done
Complete log: /home/jhz22/pQTLtools/inst/snakemake/.snakemake/log/2022-08-04T162428.095759.snakemake.log
