Building DAG of jobs...
Using shell: /usr/bin/bash
Provided cores: 32
Rules claiming more threads will be scaled down.
Conda environments: ignored
Job stats:
job             count    min threads    max threads
------------  -------  -------------  -------------
MR_analysis         4              1              1
aggregate_MR        2              1              1
all                 1              1              1
total               7              1              1

Select jobs to execute...

[Tue Aug  2 16:36:44 2022]
rule MR_analysis:
    input: input/MR.csv, input/ld/CD40.ld, input/ld/CD40.snplist
    output: output/MR/CD40_HF.csv
    jobid: 4
    reason: Code has changed since last execution
    wildcards: protein=CD40, trait=HF
    resources: tmpdir=/rds/user/jhz22/hpc-work/work

[Tue Aug  2 16:36:44 2022]
rule MR_analysis:
    input: input/MR.csv, input/ld/CD40.ld, input/ld/CD40.snplist
    output: output/MR/CD40_HF2.csv
    jobid: 5
    reason: Missing output files: output/MR/CD40_HF2.csv
    wildcards: protein=CD40, trait=HF2
    resources: tmpdir=/rds/user/jhz22/hpc-work/work

[Tue Aug  2 16:36:44 2022]
rule MR_analysis:
    input: input/MR.csv, input/ld/OPG.ld, input/ld/OPG.snplist
    output: output/MR/OPG_HF.csv
    jobid: 6
    reason: Code has changed since last execution
    wildcards: protein=OPG, trait=HF
    resources: tmpdir=/rds/user/jhz22/hpc-work/work

[Tue Aug  2 16:36:44 2022]
rule MR_analysis:
    input: input/MR.csv, input/ld/OPG.ld, input/ld/OPG.snplist
    output: output/MR/OPG_HF2.csv
    jobid: 7
    reason: Missing output files: output/MR/OPG_HF2.csv
    wildcards: protein=OPG, trait=HF2
    resources: tmpdir=/rds/user/jhz22/hpc-work/work

[Tue Aug  2 16:36:50 2022]
Finished job 4.
1 of 7 steps (14%) done
[Tue Aug  2 16:36:50 2022]
Finished job 5.
2 of 7 steps (29%) done
[Tue Aug  2 16:36:50 2022]
Finished job 7.
3 of 7 steps (43%) done
[Tue Aug  2 16:36:50 2022]
Finished job 6.
4 of 7 steps (57%) done
Select jobs to execute...

[Tue Aug  2 16:36:50 2022]
rule aggregate_MR:
    input: output/MR/CD40_HF.csv, output/MR/CD40_HF2.csv, output/MR/OPG_HF.csv, output/MR/OPG_HF2.csv
    output: output/MR_HF2.csv
    jobid: 8
    reason: Missing output files: output/MR_HF2.csv; Input files updated by another job: output/MR/OPG_HF.csv, output/MR/OPG_HF2.csv, output/MR/CD40_HF2.csv, output/MR/CD40_HF.csv
    wildcards: trait=HF2
    resources: tmpdir=/rds/user/jhz22/hpc-work/work


[Tue Aug  2 16:36:50 2022]
rule aggregate_MR:
    input: output/MR/CD40_HF.csv, output/MR/CD40_HF2.csv, output/MR/OPG_HF.csv, output/MR/OPG_HF2.csv
    output: output/MR_HF.csv
    jobid: 3
    reason: Missing output files: output/MR_HF.csv; Input files updated by another job: output/MR/OPG_HF.csv, output/MR/OPG_HF2.csv, output/MR/CD40_HF2.csv, output/MR/CD40_HF.csv
    wildcards: trait=HF
    resources: tmpdir=/rds/user/jhz22/hpc-work/work

[Tue Aug  2 16:36:50 2022]
Finished job 8.
5 of 7 steps (71%) done
[Tue Aug  2 16:36:50 2022]
Finished job 3.
6 of 7 steps (86%) done
Select jobs to execute...

[Tue Aug  2 16:36:50 2022]
localrule all:
    input: output/Obs_HF.csv, output/Obs_HF2.csv, output/MR_HF.csv, output/MR_HF2.csv
    jobid: 0
    reason: Input files updated by another job: output/MR_HF2.csv, output/MR_HF.csv
    resources: tmpdir=/rds/user/jhz22/hpc-work/work

[Tue Aug  2 16:36:50 2022]
Finished job 0.
7 of 7 steps (100%) done
Complete log: .snakemake/log/2022-08-02T163643.879469.snakemake.log
