Building DAG of jobs...
Using shell: /usr/bin/bash
Provided cores: 1 (use --cores to define parallelism)
Rules claiming more threads will be scaled down.
Conda environments: ignored
Job stats:
job             count    min threads    max threads
------------  -------  -------------  -------------
MR_analysis         4              1              1
aggregate_MR        2              1              1
all                 1              1              1
obs_analysis        2              1              1
total               9              1              1

Select jobs to execute...

[Tue Aug  2 20:42:01 2022]
rule obs_analysis:
    input: input/Obs_HF.csv
    output: output/Obs_HF.csv
    jobid: 1
    reason: Missing output files: output/Obs_HF.csv
    wildcards: trait=HF
    resources: tmpdir=/rds/user/jhz22/hpc-work/work

[Tue Aug  2 20:42:13 2022]
Finished job 1.
1 of 9 steps (11%) done
Select jobs to execute...

[Tue Aug  2 20:42:13 2022]
rule MR_analysis:
    input: input/MR.csv, input/ld/OPG.ld, input/ld/OPG.snplist
    output: output/MR/OPG_HF.csv
    jobid: 6
    reason: Missing output files: output/MR/OPG_HF.csv
    wildcards: protein=OPG, trait=HF
    resources: tmpdir=/rds/user/jhz22/hpc-work/work

[Tue Aug  2 20:42:20 2022]
Finished job 6.
2 of 9 steps (22%) done
Select jobs to execute...

[Tue Aug  2 20:42:20 2022]
rule obs_analysis:
    input: input/Obs_HF2.csv
    output: output/Obs_HF2.csv
    jobid: 2
    reason: Missing output files: output/Obs_HF2.csv
    wildcards: trait=HF2
    resources: tmpdir=/rds/user/jhz22/hpc-work/work

[Tue Aug  2 20:42:25 2022]
Finished job 2.
3 of 9 steps (33%) done
Select jobs to execute...

[Tue Aug  2 20:42:25 2022]
rule MR_analysis:
    input: input/MR.csv, input/ld/CD40.ld, input/ld/CD40.snplist
    output: output/MR/CD40_HF.csv
    jobid: 4
    reason: Missing output files: output/MR/CD40_HF.csv
    wildcards: protein=CD40, trait=HF
    resources: tmpdir=/rds/user/jhz22/hpc-work/work

[Tue Aug  2 20:42:31 2022]
Finished job 4.
4 of 9 steps (44%) done
Select jobs to execute...

[Tue Aug  2 20:42:31 2022]
rule MR_analysis:
    input: input/MR.csv, input/ld/CD40.ld, input/ld/CD40.snplist
    output: output/MR/CD40_HF2.csv
    jobid: 5
    reason: Missing output files: output/MR/CD40_HF2.csv
    wildcards: protein=CD40, trait=HF2
    resources: tmpdir=/rds/user/jhz22/hpc-work/work

[Tue Aug  2 20:42:38 2022]
Finished job 5.
5 of 9 steps (56%) done
Select jobs to execute...

[Tue Aug  2 20:42:38 2022]
rule MR_analysis:
    input: input/MR.csv, input/ld/OPG.ld, input/ld/OPG.snplist
    output: output/MR/OPG_HF2.csv
    jobid: 7
    reason: Missing output files: output/MR/OPG_HF2.csv
    wildcards: protein=OPG, trait=HF2
    resources: tmpdir=/rds/user/jhz22/hpc-work/work

[Tue Aug  2 20:42:44 2022]
Finished job 7.
6 of 9 steps (67%) done
Select jobs to execute...

[Tue Aug  2 20:42:44 2022]
rule aggregate_MR:
    input: output/MR/CD40_HF.csv, output/MR/CD40_HF2.csv, output/MR/OPG_HF.csv, output/MR/OPG_HF2.csv
    output: output/MR_HF.csv
    jobid: 3
    reason: Missing output files: output/MR_HF.csv; Input files updated by another job: output/MR/CD40_HF2.csv, output/MR/CD40_HF.csv, output/MR/OPG_HF2.csv, output/MR/OPG_HF.csv
    wildcards: trait=HF
    resources: tmpdir=/rds/user/jhz22/hpc-work/work

[Tue Aug  2 20:42:44 2022]
Finished job 3.
7 of 9 steps (78%) done
Select jobs to execute...

[Tue Aug  2 20:42:44 2022]
rule aggregate_MR:
    input: output/MR/CD40_HF.csv, output/MR/CD40_HF2.csv, output/MR/OPG_HF.csv, output/MR/OPG_HF2.csv
    output: output/MR_HF2.csv
    jobid: 8
    reason: Missing output files: output/MR_HF2.csv; Input files updated by another job: output/MR/CD40_HF2.csv, output/MR/CD40_HF.csv, output/MR/OPG_HF2.csv, output/MR/OPG_HF.csv
    wildcards: trait=HF2
    resources: tmpdir=/rds/user/jhz22/hpc-work/work

[Tue Aug  2 20:42:44 2022]
Finished job 8.
8 of 9 steps (89%) done
Select jobs to execute...

[Tue Aug  2 20:42:44 2022]
localrule all:
    input: output/Obs_HF.csv, output/Obs_HF2.csv, output/MR_HF.csv, output/MR_HF2.csv
    jobid: 0
    reason: Input files updated by another job: output/Obs_HF2.csv, output/MR_HF2.csv, output/MR_HF.csv, output/Obs_HF.csv
    resources: tmpdir=/rds/user/jhz22/hpc-work/work

[Tue Aug  2 20:42:44 2022]
Finished job 0.
9 of 9 steps (100%) done
Complete log: .snakemake/log/2022-08-02T204156.928763.snakemake.log
